{"total": {"lines":{"total":49,"covered":49,"skipped":0,"pct":100},"statements":{"total":49,"covered":49,"skipped":0,"pct":100},"functions":{"total":5,"covered":5,"skipped":0,"pct":100},"branches":{"total":5,"covered":5,"skipped":0,"pct":100},"branchesTrue":{"total":0,"covered":0,"skipped":0,"pct":100}}
,"X:\\github\\noclocks\\template-react-ts-starter\\src\\App.tsx": {"lines":{"total":20,"covered":20,"skipped":0,"pct":100},"functions":{"total":2,"covered":2,"skipped":0,"pct":100},"statements":{"total":20,"covered":20,"skipped":0,"pct":100},"branches":{"total":2,"covered":2,"skipped":0,"pct":100}}
,"X:\\github\\noclocks\\template-react-ts-starter\\src\\main.tsx": {"lines":{"total":12,"covered":12,"skipped":0,"pct":100},"functions":{"total":1,"covered":1,"skipped":0,"pct":100},"statements":{"total":12,"covered":12,"skipped":0,"pct":100},"branches":{"total":1,"covered":1,"skipped":0,"pct":100}}
,"X:\\github\\noclocks\\template-react-ts-starter\\src\\pages\\Home.tsx": {"lines":{"total":5,"covered":5,"skipped":0,"pct":100},"functions":{"total":1,"covered":1,"skipped":0,"pct":100},"statements":{"total":5,"covered":5,"skipped":0,"pct":100},"branches":{"total":1,"covered":1,"skipped":0,"pct":100}}
,"X:\\github\\noclocks\\template-react-ts-starter\\src\\pages\\NotFound.tsx": {"lines":{"total":12,"covered":12,"skipped":0,"pct":100},"functions":{"total":1,"covered":1,"skipped":0,"pct":100},"statements":{"total":12,"covered":12,"skipped":0,"pct":100},"branches":{"total":1,"covered":1,"skipped":0,"pct":100}}
}
